Determining if the pthread_create exist failed with the following output:
Change Dir: /home/thor/Batchelor/Complete_Project/catkin_ws/src/slam_backend/cmake-build-debug/CMakeFiles/CMakeTmp

Run Build Command(s):/usr/bin/make cmTC_8d423/fast 
/usr/bin/make -f CMakeFiles/cmTC_8d423.dir/build.make CMakeFiles/cmTC_8d423.dir/build
make[1]: Entering directory '/home/thor/Batchelor/Complete_Project/catkin_ws/src/slam_backend/cmake-build-debug/CMakeFiles/CMakeTmp'
Building C object CMakeFiles/cmTC_8d423.dir/CheckSymbolExists.c.o
/usr/bin/cc    -o CMakeFiles/cmTC_8d423.dir/CheckSymbolExists.c.o   -c /home/thor/Batchelor/Complete_Project/catkin_ws/src/slam_backend/cmake-build-debug/CMakeFiles/CMakeTmp/CheckSymbolExists.c
Linking C executable cmTC_8d423
/home/thor/clion-2019.1.2/bin/cmake/linux/bin/cmake -E cmake_link_script CMakeFiles/cmTC_8d423.dir/link.txt --verbose=1
/usr/bin/cc      -rdynamic CMakeFiles/cmTC_8d423.dir/CheckSymbolExists.c.o  -o cmTC_8d423 
CMakeFiles/cmTC_8d423.dir/CheckSymbolExists.c.o: In function `main':
CheckSymbolExists.c:(.text+0x1b): undefined reference to `pthread_create'
collect2: error: ld returned 1 exit status
CMakeFiles/cmTC_8d423.dir/build.make:86: recipe for target 'cmTC_8d423' failed
make[1]: *** [cmTC_8d423] Error 1
make[1]: Leaving directory '/home/thor/Batchelor/Complete_Project/catkin_ws/src/slam_backend/cmake-build-debug/CMakeFiles/CMakeTmp'
Makefile:121: recipe for target 'cmTC_8d423/fast' failed
make: *** [cmTC_8d423/fast] Error 2

File /home/thor/Batchelor/Complete_Project/catkin_ws/src/slam_backend/cmake-build-debug/CMakeFiles/CMakeTmp/CheckSymbolExists.c:
/* */
#include <pthread.h>

int main(int argc, char** argv)
{
  (void)argv;
#ifndef pthread_create
  return ((int*)(&pthread_create))[argc];
#else
  (void)argc;
  return 0;
#endif
}

Determining if the function pthread_create exists in the pthreads failed with the following output:
Change Dir: /home/thor/Batchelor/Complete_Project/catkin_ws/src/slam_backend/cmake-build-debug/CMakeFiles/CMakeTmp

Run Build Command(s):/usr/bin/make cmTC_aed70/fast 
/usr/bin/make -f CMakeFiles/cmTC_aed70.dir/build.make CMakeFiles/cmTC_aed70.dir/build
make[1]: Entering directory '/home/thor/Batchelor/Complete_Project/catkin_ws/src/slam_backend/cmake-build-debug/CMakeFiles/CMakeTmp'
Building C object CMakeFiles/cmTC_aed70.dir/CheckFunctionExists.c.o
/usr/bin/cc   -DCHECK_FUNCTION_EXISTS=pthread_create   -o CMakeFiles/cmTC_aed70.dir/CheckFunctionExists.c.o   -c /home/thor/clion-2019.1.2/bin/cmake/linux/share/cmake-3.14/Modules/CheckFunctionExists.c
Linking C executable cmTC_aed70
/home/thor/clion-2019.1.2/bin/cmake/linux/bin/cmake -E cmake_link_script CMakeFiles/cmTC_aed70.dir/link.txt --verbose=1
/usr/bin/cc  -DCHECK_FUNCTION_EXISTS=pthread_create    -rdynamic CMakeFiles/cmTC_aed70.dir/CheckFunctionExists.c.o  -o cmTC_aed70 -lpthreads 
/usr/bin/ld: cannot find -lpthreads
collect2: error: ld returned 1 exit status
CMakeFiles/cmTC_aed70.dir/build.make:86: recipe for target 'cmTC_aed70' failed
make[1]: *** [cmTC_aed70] Error 1
make[1]: Leaving directory '/home/thor/Batchelor/Complete_Project/catkin_ws/src/slam_backend/cmake-build-debug/CMakeFiles/CMakeTmp'
Makefile:121: recipe for target 'cmTC_aed70/fast' failed
make: *** [cmTC_aed70/fast] Error 2


