Determining if the pthread_create exist failed with the following output:
Change Dir: /home/thor/Batchelor/Thor_ROS/catkin_ws_2/src/feature_ekstractior/cmake-build-debug/CMakeFiles/CMakeTmp

Run Build Command:"/usr/bin/make" "cmTC_5425d/fast"
/usr/bin/make -f CMakeFiles/cmTC_5425d.dir/build.make CMakeFiles/cmTC_5425d.dir/build
make[1]: Entering directory '/home/thor/Batchelor/Thor_ROS/catkin_ws_2/src/feature_ekstractior/cmake-build-debug/CMakeFiles/CMakeTmp'
Building C object CMakeFiles/cmTC_5425d.dir/CheckSymbolExists.c.o
/usr/bin/cc    -o CMakeFiles/cmTC_5425d.dir/CheckSymbolExists.c.o   -c /home/thor/Batchelor/Thor_ROS/catkin_ws_2/src/feature_ekstractior/cmake-build-debug/CMakeFiles/CMakeTmp/CheckSymbolExists.c
Linking C executable cmTC_5425d
/home/thor/Downloads/clion-2018.3.4/bin/cmake/linux/bin/cmake -E cmake_link_script CMakeFiles/cmTC_5425d.dir/link.txt --verbose=1
/usr/bin/cc      -rdynamic CMakeFiles/cmTC_5425d.dir/CheckSymbolExists.c.o  -o cmTC_5425d 
CMakeFiles/cmTC_5425d.dir/CheckSymbolExists.c.o: In function `main':
CheckSymbolExists.c:(.text+0x16): undefined reference to `pthread_create'
collect2: error: ld returned 1 exit status
CMakeFiles/cmTC_5425d.dir/build.make:86: recipe for target 'cmTC_5425d' failed
make[1]: *** [cmTC_5425d] Error 1
make[1]: Leaving directory '/home/thor/Batchelor/Thor_ROS/catkin_ws_2/src/feature_ekstractior/cmake-build-debug/CMakeFiles/CMakeTmp'
Makefile:121: recipe for target 'cmTC_5425d/fast' failed
make: *** [cmTC_5425d/fast] Error 2

File /home/thor/Batchelor/Thor_ROS/catkin_ws_2/src/feature_ekstractior/cmake-build-debug/CMakeFiles/CMakeTmp/CheckSymbolExists.c:
/* */
#include <pthread.h>

int main(int argc, char** argv)
{
  (void)argv;
#ifndef pthread_create
  return ((int*)(&pthread_create))[argc];
#else
  (void)argc;
  return 0;
#endif
}

Determining if the function pthread_create exists in the pthreads failed with the following output:
Change Dir: /home/thor/Batchelor/Thor_ROS/catkin_ws_2/src/feature_ekstractior/cmake-build-debug/CMakeFiles/CMakeTmp

Run Build Command:"/usr/bin/make" "cmTC_40709/fast"
/usr/bin/make -f CMakeFiles/cmTC_40709.dir/build.make CMakeFiles/cmTC_40709.dir/build
make[1]: Entering directory '/home/thor/Batchelor/Thor_ROS/catkin_ws_2/src/feature_ekstractior/cmake-build-debug/CMakeFiles/CMakeTmp'
Building C object CMakeFiles/cmTC_40709.dir/CheckFunctionExists.c.o
/usr/bin/cc   -DCHECK_FUNCTION_EXISTS=pthread_create   -o CMakeFiles/cmTC_40709.dir/CheckFunctionExists.c.o   -c /home/thor/Downloads/clion-2018.3.4/bin/cmake/linux/share/cmake-3.13/Modules/CheckFunctionExists.c
Linking C executable cmTC_40709
/home/thor/Downloads/clion-2018.3.4/bin/cmake/linux/bin/cmake -E cmake_link_script CMakeFiles/cmTC_40709.dir/link.txt --verbose=1
/usr/bin/cc  -DCHECK_FUNCTION_EXISTS=pthread_create    -rdynamic CMakeFiles/cmTC_40709.dir/CheckFunctionExists.c.o  -o cmTC_40709 -lpthreads 
/usr/bin/ld: cannot find -lpthreads
collect2: error: ld returned 1 exit status
CMakeFiles/cmTC_40709.dir/build.make:86: recipe for target 'cmTC_40709' failed
make[1]: *** [cmTC_40709] Error 1
make[1]: Leaving directory '/home/thor/Batchelor/Thor_ROS/catkin_ws_2/src/feature_ekstractior/cmake-build-debug/CMakeFiles/CMakeTmp'
Makefile:121: recipe for target 'cmTC_40709/fast' failed
make: *** [cmTC_40709/fast] Error 2


