Determining if the pthread_create exist failed with the following output:
Change Dir: /home/thor/Desktop/Batchelor/Thor_ROS/catkin_ws_2/src/lidarsubmsg/cmake-build-debug/CMakeFiles/CMakeTmp

Run Build Command:"/usr/bin/make" "cmTC_b1eec/fast"
/usr/bin/make -f CMakeFiles/cmTC_b1eec.dir/build.make CMakeFiles/cmTC_b1eec.dir/build
make[1]: Entering directory '/home/thor/Desktop/Batchelor/Thor_ROS/catkin_ws_2/src/lidarsubmsg/cmake-build-debug/CMakeFiles/CMakeTmp'
Building C object CMakeFiles/cmTC_b1eec.dir/CheckSymbolExists.c.o
/usr/bin/cc    -o CMakeFiles/cmTC_b1eec.dir/CheckSymbolExists.c.o   -c /home/thor/Desktop/Batchelor/Thor_ROS/catkin_ws_2/src/lidarsubmsg/cmake-build-debug/CMakeFiles/CMakeTmp/CheckSymbolExists.c
Linking C executable cmTC_b1eec
/home/thor/CLion-2019.1/clion-2019.1/bin/cmake/linux/bin/cmake -E cmake_link_script CMakeFiles/cmTC_b1eec.dir/link.txt --verbose=1
/usr/bin/cc      -rdynamic CMakeFiles/cmTC_b1eec.dir/CheckSymbolExists.c.o  -o cmTC_b1eec 
CMakeFiles/cmTC_b1eec.dir/CheckSymbolExists.c.o: In function `main':
CheckSymbolExists.c:(.text+0x1b): undefined reference to `pthread_create'
collect2: error: ld returned 1 exit status
CMakeFiles/cmTC_b1eec.dir/build.make:86: recipe for target 'cmTC_b1eec' failed
make[1]: *** [cmTC_b1eec] Error 1
make[1]: Leaving directory '/home/thor/Desktop/Batchelor/Thor_ROS/catkin_ws_2/src/lidarsubmsg/cmake-build-debug/CMakeFiles/CMakeTmp'
Makefile:121: recipe for target 'cmTC_b1eec/fast' failed
make: *** [cmTC_b1eec/fast] Error 2

File /home/thor/Desktop/Batchelor/Thor_ROS/catkin_ws_2/src/lidarsubmsg/cmake-build-debug/CMakeFiles/CMakeTmp/CheckSymbolExists.c:
/* */
#include <pthread.h>

int main(int argc, char** argv)
{
  (void)argv;
#ifndef pthread_create
  return ((int*)(&pthread_create))[argc];
#else
  (void)argc;
  return 0;
#endif
}

Determining if the function pthread_create exists in the pthreads failed with the following output:
Change Dir: /home/thor/Desktop/Batchelor/Thor_ROS/catkin_ws_2/src/lidarsubmsg/cmake-build-debug/CMakeFiles/CMakeTmp

Run Build Command:"/usr/bin/make" "cmTC_474b9/fast"
/usr/bin/make -f CMakeFiles/cmTC_474b9.dir/build.make CMakeFiles/cmTC_474b9.dir/build
make[1]: Entering directory '/home/thor/Desktop/Batchelor/Thor_ROS/catkin_ws_2/src/lidarsubmsg/cmake-build-debug/CMakeFiles/CMakeTmp'
Building C object CMakeFiles/cmTC_474b9.dir/CheckFunctionExists.c.o
/usr/bin/cc   -DCHECK_FUNCTION_EXISTS=pthread_create   -o CMakeFiles/cmTC_474b9.dir/CheckFunctionExists.c.o   -c /home/thor/CLion-2019.1/clion-2019.1/bin/cmake/linux/share/cmake-3.13/Modules/CheckFunctionExists.c
Linking C executable cmTC_474b9
/home/thor/CLion-2019.1/clion-2019.1/bin/cmake/linux/bin/cmake -E cmake_link_script CMakeFiles/cmTC_474b9.dir/link.txt --verbose=1
/usr/bin/cc  -DCHECK_FUNCTION_EXISTS=pthread_create    -rdynamic CMakeFiles/cmTC_474b9.dir/CheckFunctionExists.c.o  -o cmTC_474b9 -lpthreads 
/usr/bin/ld: cannot find -lpthreads
collect2: error: ld returned 1 exit status
CMakeFiles/cmTC_474b9.dir/build.make:86: recipe for target 'cmTC_474b9' failed
make[1]: *** [cmTC_474b9] Error 1
make[1]: Leaving directory '/home/thor/Desktop/Batchelor/Thor_ROS/catkin_ws_2/src/lidarsubmsg/cmake-build-debug/CMakeFiles/CMakeTmp'
Makefile:121: recipe for target 'cmTC_474b9/fast' failed
make: *** [cmTC_474b9/fast] Error 2


