Determining if the pthread_create exist failed with the following output:
Change Dir: /home/thor/Desktop/Batchelor/Thor_ROS/catkin_ws_2/src/lidarsubmsg/cmake-build-debug/CMakeFiles/CMakeTmp

Run Build Command:"/usr/bin/make" "cmTC_52c6b/fast"
/usr/bin/make -f CMakeFiles/cmTC_52c6b.dir/build.make CMakeFiles/cmTC_52c6b.dir/build
make[1]: Entering directory '/home/thor/Desktop/Batchelor/Thor_ROS/catkin_ws_2/src/lidarsubmsg/cmake-build-debug/CMakeFiles/CMakeTmp'
Building C object CMakeFiles/cmTC_52c6b.dir/CheckSymbolExists.c.o
/usr/bin/cc    -o CMakeFiles/cmTC_52c6b.dir/CheckSymbolExists.c.o   -c /home/thor/Desktop/Batchelor/Thor_ROS/catkin_ws_2/src/lidarsubmsg/cmake-build-debug/CMakeFiles/CMakeTmp/CheckSymbolExists.c
Linking C executable cmTC_52c6b
/home/thor/CLion-2019.1/clion-2019.1/bin/cmake/linux/bin/cmake -E cmake_link_script CMakeFiles/cmTC_52c6b.dir/link.txt --verbose=1
/usr/bin/cc      -rdynamic CMakeFiles/cmTC_52c6b.dir/CheckSymbolExists.c.o  -o cmTC_52c6b 
CMakeFiles/cmTC_52c6b.dir/CheckSymbolExists.c.o: In function `main':
CheckSymbolExists.c:(.text+0x1b): undefined reference to `pthread_create'
collect2: error: ld returned 1 exit status
CMakeFiles/cmTC_52c6b.dir/build.make:86: recipe for target 'cmTC_52c6b' failed
make[1]: *** [cmTC_52c6b] Error 1
make[1]: Leaving directory '/home/thor/Desktop/Batchelor/Thor_ROS/catkin_ws_2/src/lidarsubmsg/cmake-build-debug/CMakeFiles/CMakeTmp'
Makefile:121: recipe for target 'cmTC_52c6b/fast' failed
make: *** [cmTC_52c6b/fast] Error 2

File /home/thor/Desktop/Batchelor/Thor_ROS/catkin_ws_2/src/lidarsubmsg/cmake-build-debug/CMakeFiles/CMakeTmp/CheckSymbolExists.c:
/* */
#include <pthread.h>

int main(int argc, char** argv)
{
  (void)argv;
#ifndef pthread_create
  return ((int*)(&pthread_create))[argc];
#else
  (void)argc;
  return 0;
#endif
}

Determining if the function pthread_create exists in the pthreads failed with the following output:
Change Dir: /home/thor/Desktop/Batchelor/Thor_ROS/catkin_ws_2/src/lidarsubmsg/cmake-build-debug/CMakeFiles/CMakeTmp

Run Build Command:"/usr/bin/make" "cmTC_58daf/fast"
/usr/bin/make -f CMakeFiles/cmTC_58daf.dir/build.make CMakeFiles/cmTC_58daf.dir/build
make[1]: Entering directory '/home/thor/Desktop/Batchelor/Thor_ROS/catkin_ws_2/src/lidarsubmsg/cmake-build-debug/CMakeFiles/CMakeTmp'
Building C object CMakeFiles/cmTC_58daf.dir/CheckFunctionExists.c.o
/usr/bin/cc   -DCHECK_FUNCTION_EXISTS=pthread_create   -o CMakeFiles/cmTC_58daf.dir/CheckFunctionExists.c.o   -c /home/thor/CLion-2019.1/clion-2019.1/bin/cmake/linux/share/cmake-3.13/Modules/CheckFunctionExists.c
Linking C executable cmTC_58daf
/home/thor/CLion-2019.1/clion-2019.1/bin/cmake/linux/bin/cmake -E cmake_link_script CMakeFiles/cmTC_58daf.dir/link.txt --verbose=1
/usr/bin/cc  -DCHECK_FUNCTION_EXISTS=pthread_create    -rdynamic CMakeFiles/cmTC_58daf.dir/CheckFunctionExists.c.o  -o cmTC_58daf -lpthreads 
/usr/bin/ld: cannot find -lpthreads
collect2: error: ld returned 1 exit status
CMakeFiles/cmTC_58daf.dir/build.make:86: recipe for target 'cmTC_58daf' failed
make[1]: *** [cmTC_58daf] Error 1
make[1]: Leaving directory '/home/thor/Desktop/Batchelor/Thor_ROS/catkin_ws_2/src/lidarsubmsg/cmake-build-debug/CMakeFiles/CMakeTmp'
Makefile:121: recipe for target 'cmTC_58daf/fast' failed
make: *** [cmTC_58daf/fast] Error 2


